  ConvolutionFilter.cpp
C:\Users\Peter\Desktop\AI\Repo\AI\NeuralNetworkStuff\NeuralNetworkStuff\ConvolutionFilter.cpp(20,9): warning C4101: 'tsize': unreferenced local variable
C:\Users\Peter\Desktop\AI\Repo\AI\NeuralNetworkStuff\NeuralNetworkStuff\ConvolutionFilter.cpp(108,34): warning C4267: '=': conversion from 'size_t' to 'int', possible loss of data
C:\Users\Peter\Desktop\AI\Repo\AI\NeuralNetworkStuff\NeuralNetworkStuff\ConvolutionFilter.cpp(109,41): warning C4267: '=': conversion from 'size_t' to 'int', possible loss of data
C:\Users\Peter\Desktop\AI\Repo\AI\NeuralNetworkStuff\NeuralNetworkStuff\ConvolutionFilter.cpp(110,42): warning C4267: '=': conversion from 'size_t' to 'int', possible loss of data
C:\Users\Peter\Desktop\AI\Repo\AI\NeuralNetworkStuff\NeuralNetworkStuff\ConvolutionFilter.cpp(154,17): warning C4244: 'argument': conversion from 'float' to 'const unsigned __int64', possible loss of data
C:\Users\Peter\Desktop\AI\Repo\AI\NeuralNetworkStuff\NeuralNetworkStuff\ConvolutionFilter.cpp(154,38): warning C4244: 'argument': conversion from 'float' to 'int', possible loss of data
C:\Users\Peter\Desktop\AI\Repo\AI\NeuralNetworkStuff\NeuralNetworkStuff\ConvolutionFilter.cpp(149,6): warning C4101: 'con_i': unreferenced local variable
C:\Users\Peter\Desktop\AI\Repo\AI\NeuralNetworkStuff\NeuralNetworkStuff\ConvolutionFilter.cpp(260,15): warning C4244: 'argument': conversion from 'float' to 'int', possible loss of data
C:\Users\Peter\Desktop\AI\Repo\AI\NeuralNetworkStuff\NeuralNetworkStuff\ConvolutionFilter.cpp(270,43): warning C4244: '=': conversion from 'double' to '_Ty', possible loss of data
C:\Users\Peter\Desktop\AI\Repo\AI\NeuralNetworkStuff\NeuralNetworkStuff\ConvolutionFilter.cpp(270,43): warning C4244:         with
C:\Users\Peter\Desktop\AI\Repo\AI\NeuralNetworkStuff\NeuralNetworkStuff\ConvolutionFilter.cpp(270,43): warning C4244:         [
C:\Users\Peter\Desktop\AI\Repo\AI\NeuralNetworkStuff\NeuralNetworkStuff\ConvolutionFilter.cpp(270,43): warning C4244:             _Ty=float
C:\Users\Peter\Desktop\AI\Repo\AI\NeuralNetworkStuff\NeuralNetworkStuff\ConvolutionFilter.cpp(270,43): warning C4244:         ]
C:\Program Files (x86)\Microsoft Visual Studio\2019\Community\VC\Tools\MSVC\14.23.28105\include\ppl.h(2521,15): warning C4244: 'argument': conversion from '_Index_type' to 'float', possible loss of data
C:\Program Files (x86)\Microsoft Visual Studio\2019\Community\VC\Tools\MSVC\14.23.28105\include\ppl.h(2521,15): warning C4244:         with
C:\Program Files (x86)\Microsoft Visual Studio\2019\Community\VC\Tools\MSVC\14.23.28105\include\ppl.h(2521,15): warning C4244:         [
C:\Program Files (x86)\Microsoft Visual Studio\2019\Community\VC\Tools\MSVC\14.23.28105\include\ppl.h(2521,15): warning C4244:             _Index_type=int
C:\Program Files (x86)\Microsoft Visual Studio\2019\Community\VC\Tools\MSVC\14.23.28105\include\ppl.h(2521,15): warning C4244:         ]
C:\Program Files (x86)\Microsoft Visual Studio\2019\Community\VC\Tools\MSVC\14.23.28105\include\ppl.h(2579): message : see reference to function template instantiation 'void Concurrency::_Parallel_for_impl<_Index_type,_Function,const Concurrency::auto_partitioner&>(_Index_type,_Index_type,_Index_type,const _Function &,_Partitioner)' being compiled
C:\Program Files (x86)\Microsoft Visual Studio\2019\Community\VC\Tools\MSVC\14.23.28105\include\ppl.h(2579): message :         with
C:\Program Files (x86)\Microsoft Visual Studio\2019\Community\VC\Tools\MSVC\14.23.28105\include\ppl.h(2579): message :         [
C:\Program Files (x86)\Microsoft Visual Studio\2019\Community\VC\Tools\MSVC\14.23.28105\include\ppl.h(2579): message :             _Index_type=int,
C:\Program Files (x86)\Microsoft Visual Studio\2019\Community\VC\Tools\MSVC\14.23.28105\include\ppl.h(2579): message :             _Function=ConvolutionFilter::FeedForward::<lambda_4b8e1ebdcca72c2979b24542b03508aa>,
C:\Program Files (x86)\Microsoft Visual Studio\2019\Community\VC\Tools\MSVC\14.23.28105\include\ppl.h(2579): message :             _Partitioner=const Concurrency::auto_partitioner &
C:\Program Files (x86)\Microsoft Visual Studio\2019\Community\VC\Tools\MSVC\14.23.28105\include\ppl.h(2579): message :         ]
C:\Program Files (x86)\Microsoft Visual Studio\2019\Community\VC\Tools\MSVC\14.23.28105\include\ppl.h(2653): message : see reference to function template instantiation 'void Concurrency::parallel_for<_Index_type,_Function,const Concurrency::auto_partitioner&>(_Index_type,_Index_type,_Index_type,const _Function &,_Partitioner)' being compiled
C:\Program Files (x86)\Microsoft Visual Studio\2019\Community\VC\Tools\MSVC\14.23.28105\include\ppl.h(2653): message :         with
C:\Program Files (x86)\Microsoft Visual Studio\2019\Community\VC\Tools\MSVC\14.23.28105\include\ppl.h(2653): message :         [
C:\Program Files (x86)\Microsoft Visual Studio\2019\Community\VC\Tools\MSVC\14.23.28105\include\ppl.h(2653): message :             _Index_type=int,
C:\Program Files (x86)\Microsoft Visual Studio\2019\Community\VC\Tools\MSVC\14.23.28105\include\ppl.h(2653): message :             _Function=ConvolutionFilter::FeedForward::<lambda_4b8e1ebdcca72c2979b24542b03508aa>,
C:\Program Files (x86)\Microsoft Visual Studio\2019\Community\VC\Tools\MSVC\14.23.28105\include\ppl.h(2653): message :             _Partitioner=const Concurrency::auto_partitioner &
C:\Program Files (x86)\Microsoft Visual Studio\2019\Community\VC\Tools\MSVC\14.23.28105\include\ppl.h(2653): message :         ]
C:\Users\Peter\Desktop\AI\Repo\AI\NeuralNetworkStuff\NeuralNetworkStuff\ConvolutionFilter.cpp(155): message : see reference to function template instantiation 'void Concurrency::parallel_for<int,ConvolutionFilter::FeedForward::<lambda_4b8e1ebdcca72c2979b24542b03508aa>>(_Index_type,_Index_type,const _Function &,const Concurrency::auto_partitioner &)' being compiled
C:\Users\Peter\Desktop\AI\Repo\AI\NeuralNetworkStuff\NeuralNetworkStuff\ConvolutionFilter.cpp(155): message :         with
C:\Users\Peter\Desktop\AI\Repo\AI\NeuralNetworkStuff\NeuralNetworkStuff\ConvolutionFilter.cpp(155): message :         [
C:\Users\Peter\Desktop\AI\Repo\AI\NeuralNetworkStuff\NeuralNetworkStuff\ConvolutionFilter.cpp(155): message :             _Index_type=int,
C:\Users\Peter\Desktop\AI\Repo\AI\NeuralNetworkStuff\NeuralNetworkStuff\ConvolutionFilter.cpp(155): message :             _Function=ConvolutionFilter::FeedForward::<lambda_4b8e1ebdcca72c2979b24542b03508aa>
C:\Users\Peter\Desktop\AI\Repo\AI\NeuralNetworkStuff\NeuralNetworkStuff\ConvolutionFilter.cpp(155): message :         ]
C:\Program Files (x86)\Microsoft Visual Studio\2019\Community\VC\Tools\MSVC\14.23.28105\include\chrono(669): message : see reference to class template instantiation 'std::chrono::duration<double,std::ratio<1,1>>' being compiled
C:\Program Files (x86)\Microsoft Visual Studio\2019\Community\VC\Tools\MSVC\14.23.28105\include\chrono(177): message : see reference to class template instantiation 'std::chrono::duration<__int64,std::nano>' being compiled
C:\Program Files (x86)\Microsoft Visual Studio\2019\Community\VC\Tools\MSVC\14.23.28105\include\chrono(647): message : see reference to class template instantiation 'std::chrono::time_point<std::chrono::steady_clock,std::chrono::steady_clock::duration>' being compiled
C:\Program Files (x86)\Microsoft Visual Studio\2019\Community\VC\Tools\MSVC\14.23.28105\include\ppl.h(1797,52): warning C4244: 'argument': conversion from '_Random_iterator' to 'float', possible loss of data
C:\Program Files (x86)\Microsoft Visual Studio\2019\Community\VC\Tools\MSVC\14.23.28105\include\ppl.h(1797,52): warning C4244:         with
C:\Program Files (x86)\Microsoft Visual Studio\2019\Community\VC\Tools\MSVC\14.23.28105\include\ppl.h(1797,52): warning C4244:         [
C:\Program Files (x86)\Microsoft Visual Studio\2019\Community\VC\Tools\MSVC\14.23.28105\include\ppl.h(1797,52): warning C4244:             _Random_iterator=int
C:\Program Files (x86)\Microsoft Visual Studio\2019\Community\VC\Tools\MSVC\14.23.28105\include\ppl.h(1797,52): warning C4244:         ]
C:\Program Files (x86)\Microsoft Visual Studio\2019\Community\VC\Tools\MSVC\14.23.28105\include\ppl.h(1796): message : while compiling class template member function 'void Concurrency::_Parallel_chunk_helper_invoke<_Random_iterator,_Index_type,_Function,false>::_Invoke(const _Random_iterator &,_Index_type &,const _Function &)'
C:\Program Files (x86)\Microsoft Visual Studio\2019\Community\VC\Tools\MSVC\14.23.28105\include\ppl.h(1796): message :         with
C:\Program Files (x86)\Microsoft Visual Studio\2019\Community\VC\Tools\MSVC\14.23.28105\include\ppl.h(1796): message :         [
C:\Program Files (x86)\Microsoft Visual Studio\2019\Community\VC\Tools\MSVC\14.23.28105\include\ppl.h(1796): message :             _Random_iterator=int,
C:\Program Files (x86)\Microsoft Visual Studio\2019\Community\VC\Tools\MSVC\14.23.28105\include\ppl.h(1796): message :             _Index_type=_Diff_type,
C:\Program Files (x86)\Microsoft Visual Studio\2019\Community\VC\Tools\MSVC\14.23.28105\include\ppl.h(1796): message :             _Function=ConvolutionFilter::FeedForward::<lambda_4b8e1ebdcca72c2979b24542b03508aa>
C:\Program Files (x86)\Microsoft Visual Studio\2019\Community\VC\Tools\MSVC\14.23.28105\include\ppl.h(1796): message :         ]
C:\Program Files (x86)\Microsoft Visual Studio\2019\Community\VC\Tools\MSVC\14.23.28105\include\ppl.h(2196): message : see reference to function template instantiation 'void Concurrency::_Parallel_chunk_helper_invoke<_Random_iterator,_Index_type,_Function,false>::_Invoke(const _Random_iterator &,_Index_type &,const _Function &)' being compiled
C:\Program Files (x86)\Microsoft Visual Studio\2019\Community\VC\Tools\MSVC\14.23.28105\include\ppl.h(2196): message :         with
C:\Program Files (x86)\Microsoft Visual Studio\2019\Community\VC\Tools\MSVC\14.23.28105\include\ppl.h(2196): message :         [
C:\Program Files (x86)\Microsoft Visual Studio\2019\Community\VC\Tools\MSVC\14.23.28105\include\ppl.h(2196): message :             _Random_iterator=int,
C:\Program Files (x86)\Microsoft Visual Studio\2019\Community\VC\Tools\MSVC\14.23.28105\include\ppl.h(2196): message :             _Index_type=_Diff_type,
C:\Program Files (x86)\Microsoft Visual Studio\2019\Community\VC\Tools\MSVC\14.23.28105\include\ppl.h(2196): message :             _Function=ConvolutionFilter::FeedForward::<lambda_4b8e1ebdcca72c2979b24542b03508aa>
C:\Program Files (x86)\Microsoft Visual Studio\2019\Community\VC\Tools\MSVC\14.23.28105\include\ppl.h(2196): message :         ]
C:\Program Files (x86)\Microsoft Visual Studio\2019\Community\VC\Tools\MSVC\14.23.28105\include\ppl.h(2196): message : see reference to class template instantiation 'Concurrency::_Parallel_chunk_helper_invoke<_Random_iterator,_Index_type,_Function,false>' being compiled
C:\Program Files (x86)\Microsoft Visual Studio\2019\Community\VC\Tools\MSVC\14.23.28105\include\ppl.h(2196): message :         with
C:\Program Files (x86)\Microsoft Visual Studio\2019\Community\VC\Tools\MSVC\14.23.28105\include\ppl.h(2196): message :         [
C:\Program Files (x86)\Microsoft Visual Studio\2019\Community\VC\Tools\MSVC\14.23.28105\include\ppl.h(2196): message :             _Random_iterator=int,
C:\Program Files (x86)\Microsoft Visual Studio\2019\Community\VC\Tools\MSVC\14.23.28105\include\ppl.h(2196): message :             _Index_type=_Diff_type,
C:\Program Files (x86)\Microsoft Visual Studio\2019\Community\VC\Tools\MSVC\14.23.28105\include\ppl.h(2196): message :             _Function=ConvolutionFilter::FeedForward::<lambda_4b8e1ebdcca72c2979b24542b03508aa>
C:\Program Files (x86)\Microsoft Visual Studio\2019\Community\VC\Tools\MSVC\14.23.28105\include\ppl.h(2196): message :         ]
C:\Program Files (x86)\Microsoft Visual Studio\2019\Community\VC\Tools\MSVC\14.23.28105\include\ppl.h(2174): message : while compiling class template member function 'void Concurrency::_Parallel_chunk_helper<_Index_type,_Diff_type,_Function,Concurrency::auto_partitioner,false>::operator ()(void) const'
C:\Program Files (x86)\Microsoft Visual Studio\2019\Community\VC\Tools\MSVC\14.23.28105\include\ppl.h(2174): message :         with
C:\Program Files (x86)\Microsoft Visual Studio\2019\Community\VC\Tools\MSVC\14.23.28105\include\ppl.h(2174): message :         [
C:\Program Files (x86)\Microsoft Visual Studio\2019\Community\VC\Tools\MSVC\14.23.28105\include\ppl.h(2174): message :             _Index_type=int,
C:\Program Files (x86)\Microsoft Visual Studio\2019\Community\VC\Tools\MSVC\14.23.28105\include\ppl.h(2174): message :             _Diff_type=_Diff_type,
C:\Program Files (x86)\Microsoft Visual Studio\2019\Community\VC\Tools\MSVC\14.23.28105\include\ppl.h(2174): message :             _Function=ConvolutionFilter::FeedForward::<lambda_4b8e1ebdcca72c2979b24542b03508aa>
C:\Program Files (x86)\Microsoft Visual Studio\2019\Community\VC\Tools\MSVC\14.23.28105\include\ppl.h(2174): message :         ]
C:\Program Files (x86)\Microsoft Visual Studio\2019\Community\VC\Tools\MSVC\14.23.28105\include\ppl.h(129): message : see reference to function template instantiation 'void Concurrency::_Parallel_chunk_helper<_Index_type,_Diff_type,_Function,Concurrency::auto_partitioner,false>::operator ()(void) const' being compiled
C:\Program Files (x86)\Microsoft Visual Studio\2019\Community\VC\Tools\MSVC\14.23.28105\include\ppl.h(129): message :         with
C:\Program Files (x86)\Microsoft Visual Studio\2019\Community\VC\Tools\MSVC\14.23.28105\include\ppl.h(129): message :         [
C:\Program Files (x86)\Microsoft Visual Studio\2019\Community\VC\Tools\MSVC\14.23.28105\include\ppl.h(129): message :             _Index_type=int,
C:\Program Files (x86)\Microsoft Visual Studio\2019\Community\VC\Tools\MSVC\14.23.28105\include\ppl.h(129): message :             _Diff_type=_Diff_type,
C:\Program Files (x86)\Microsoft Visual Studio\2019\Community\VC\Tools\MSVC\14.23.28105\include\ppl.h(129): message :             _Function=ConvolutionFilter::FeedForward::<lambda_4b8e1ebdcca72c2979b24542b03508aa>
C:\Program Files (x86)\Microsoft Visual Studio\2019\Community\VC\Tools\MSVC\14.23.28105\include\ppl.h(129): message :         ]
C:\Program Files (x86)\Microsoft Visual Studio\2019\Community\VC\Tools\MSVC\14.23.28105\include\ppl.h(138): message : see reference to class template instantiation 'Concurrency::_Parallel_chunk_helper<_Index_type,_Diff_type,_Function,Concurrency::auto_partitioner,false>' being compiled
C:\Program Files (x86)\Microsoft Visual Studio\2019\Community\VC\Tools\MSVC\14.23.28105\include\ppl.h(138): message :         with
C:\Program Files (x86)\Microsoft Visual Studio\2019\Community\VC\Tools\MSVC\14.23.28105\include\ppl.h(138): message :         [
C:\Program Files (x86)\Microsoft Visual Studio\2019\Community\VC\Tools\MSVC\14.23.28105\include\ppl.h(138): message :             _Index_type=int,
C:\Program Files (x86)\Microsoft Visual Studio\2019\Community\VC\Tools\MSVC\14.23.28105\include\ppl.h(138): message :             _Diff_type=_Diff_type,
C:\Program Files (x86)\Microsoft Visual Studio\2019\Community\VC\Tools\MSVC\14.23.28105\include\ppl.h(138): message :             _Function=ConvolutionFilter::FeedForward::<lambda_4b8e1ebdcca72c2979b24542b03508aa>
C:\Program Files (x86)\Microsoft Visual Studio\2019\Community\VC\Tools\MSVC\14.23.28105\include\ppl.h(138): message :         ]
C:\Program Files (x86)\Microsoft Visual Studio\2019\Community\VC\Tools\MSVC\14.23.28105\include\ppl.h(2404): message : see reference to class template instantiation 'Concurrency::task_handle<_Worker_class>' being compiled
C:\Program Files (x86)\Microsoft Visual Studio\2019\Community\VC\Tools\MSVC\14.23.28105\include\ppl.h(2404): message :         with
C:\Program Files (x86)\Microsoft Visual Studio\2019\Community\VC\Tools\MSVC\14.23.28105\include\ppl.h(2404): message :         [
C:\Program Files (x86)\Microsoft Visual Studio\2019\Community\VC\Tools\MSVC\14.23.28105\include\ppl.h(2404): message :             _Worker_class=_Worker_class
C:\Program Files (x86)\Microsoft Visual Studio\2019\Community\VC\Tools\MSVC\14.23.28105\include\ppl.h(2404): message :         ]
C:\Program Files (x86)\Microsoft Visual Studio\2019\Community\VC\Tools\MSVC\14.23.28105\include\ppl.h(2469): message : see reference to function template instantiation 'void Concurrency::_Parallel_chunk_impl<_Worker_class,_Index_type,_Diff_type,_Function,const Concurrency::auto_partitioner&>(const _Random_iterator &,unsigned long,const unsigned long &,const _Function &,_Partitioner)' being compiled
C:\Program Files (x86)\Microsoft Visual Studio\2019\Community\VC\Tools\MSVC\14.23.28105\include\ppl.h(2469): message :         with
C:\Program Files (x86)\Microsoft Visual Studio\2019\Community\VC\Tools\MSVC\14.23.28105\include\ppl.h(2469): message :         [
C:\Program Files (x86)\Microsoft Visual Studio\2019\Community\VC\Tools\MSVC\14.23.28105\include\ppl.h(2469): message :             _Index_type=int,
C:\Program Files (x86)\Microsoft Visual Studio\2019\Community\VC\Tools\MSVC\14.23.28105\include\ppl.h(2469): message :             _Diff_type=_Diff_type,
C:\Program Files (x86)\Microsoft Visual Studio\2019\Community\VC\Tools\MSVC\14.23.28105\include\ppl.h(2469): message :             _Function=ConvolutionFilter::FeedForward::<lambda_4b8e1ebdcca72c2979b24542b03508aa>,
C:\Program Files (x86)\Microsoft Visual Studio\2019\Community\VC\Tools\MSVC\14.23.28105\include\ppl.h(2469): message :             _Random_iterator=int,
C:\Program Files (x86)\Microsoft Visual Studio\2019\Community\VC\Tools\MSVC\14.23.28105\include\ppl.h(2469): message :             _Partitioner=const Concurrency::auto_partitioner &
C:\Program Files (x86)\Microsoft Visual Studio\2019\Community\VC\Tools\MSVC\14.23.28105\include\ppl.h(2469): message :         ]
C:\Program Files (x86)\Microsoft Visual Studio\2019\Community\VC\Tools\MSVC\14.23.28105\include\ppl.h(2525): message : see reference to function template instantiation 'void Concurrency::_Parallel_for_partitioned_impl<_Index_type,_Diff_type,_Function>(_Index_type,_Diff_type,_Diff_type,const _Function &,const Concurrency::auto_partitioner &)' being compiled
C:\Program Files (x86)\Microsoft Visual Studio\2019\Community\VC\Tools\MSVC\14.23.28105\include\ppl.h(2525): message :         with
C:\Program Files (x86)\Microsoft Visual Studio\2019\Community\VC\Tools\MSVC\14.23.28105\include\ppl.h(2525): message :         [
C:\Program Files (x86)\Microsoft Visual Studio\2019\Community\VC\Tools\MSVC\14.23.28105\include\ppl.h(2525): message :             _Index_type=int,
C:\Program Files (x86)\Microsoft Visual Studio\2019\Community\VC\Tools\MSVC\14.23.28105\include\ppl.h(2525): message :             _Function=ConvolutionFilter::FeedForward::<lambda_4b8e1ebdcca72c2979b24542b03508aa>,
C:\Program Files (x86)\Microsoft Visual Studio\2019\Community\VC\Tools\MSVC\14.23.28105\include\ppl.h(2525): message :             _Diff_type=_Diff_type
C:\Program Files (x86)\Microsoft Visual Studio\2019\Community\VC\Tools\MSVC\14.23.28105\include\ppl.h(2525): message :         ]
C:\Program Files (x86)\Microsoft Visual Studio\2019\Community\VC\Tools\MSVC\14.23.28105\include\ppl.h(2579): message : see reference to function template instantiation 'void Concurrency::_Parallel_for_impl<_Index_type,_Function,const Concurrency::auto_partitioner&>(_Index_type,_Index_type,_Index_type,const _Function &,_Partitioner)' being compiled
C:\Program Files (x86)\Microsoft Visual Studio\2019\Community\VC\Tools\MSVC\14.23.28105\include\ppl.h(2579): message :         with
C:\Program Files (x86)\Microsoft Visual Studio\2019\Community\VC\Tools\MSVC\14.23.28105\include\ppl.h(2579): message :         [
C:\Program Files (x86)\Microsoft Visual Studio\2019\Community\VC\Tools\MSVC\14.23.28105\include\ppl.h(2579): message :             _Index_type=int,
C:\Program Files (x86)\Microsoft Visual Studio\2019\Community\VC\Tools\MSVC\14.23.28105\include\ppl.h(2579): message :             _Function=ConvolutionFilter::FeedForward::<lambda_4b8e1ebdcca72c2979b24542b03508aa>,
C:\Program Files (x86)\Microsoft Visual Studio\2019\Community\VC\Tools\MSVC\14.23.28105\include\ppl.h(2579): message :             _Partitioner=const Concurrency::auto_partitioner &
C:\Program Files (x86)\Microsoft Visual Studio\2019\Community\VC\Tools\MSVC\14.23.28105\include\ppl.h(2579): message :         ]
  NeuralNetworkStuff.vcxproj -> C:\Users\Peter\Desktop\AI\Repo\AI\NeuralNetworkStuff\x64\Debug\NeuralNetworkStuff.exe
